<?xml version="1.0" encoding="UTF-8"?>
<testng-results ignored="0" total="1" passed="1" failed="0" skipped="0">
  <reporter-output>
  </reporter-output>
  <suite started-at="2024-05-22T21:57:51 IST" name="Suite" finished-at="2024-05-22T21:58:00 IST" duration-ms="8763">
    <groups>
    </groups>
    <test started-at="2024-05-22T21:57:51 IST" name="Test" finished-at="2024-05-22T21:58:00 IST" duration-ms="8763">
      <class name="test_execute.SignUpandLogin">
        <test-method is-config="true" signature="startUp()[pri:0, instance:test_execute.SignUpandLogin@1c9b0314]" started-at="2024-05-22T21:57:51 IST" name="startUp" finished-at="2024-05-22T21:57:55 IST" duration-ms="3530" status="PASS">
          <reporter-output>
          </reporter-output>
        </test-method> <!-- startUp -->
        <test-method signature="ValidateSignUpandLogin(java.lang.String,java.lang.String)[pri:0, instance:test_execute.SignUpandLogin@1c9b0314]" started-at="2024-05-22T21:57:55 IST" name="ValidateSignUpandLogin" finished-at="2024-05-22T21:58:00 IST" duration-ms="4990" status="PASS">
          <params>
            <param index="0">
              <value>
                <![CDATA[Hameed99]]>
              </value>
            </param>
            <param index="1">
              <value>
                <![CDATA[Hameed99]]>
              </value>
            </param>
          </params>
          <reporter-output>
          </reporter-output>
        </test-method> <!-- ValidateSignUpandLogin -->
        <test-method is-config="true" signature="tearDown()[pri:0, instance:test_execute.SignUpandLogin@1c9b0314]" started-at="2024-05-22T21:58:00 IST" name="tearDown" finished-at="2024-05-22T21:58:00 IST" duration-ms="186" status="PASS">
          <reporter-output>
          </reporter-output>
        </test-method> <!-- tearDown -->
      </class> <!-- test_execute.SignUpandLogin -->
    </test> <!-- Test -->
  </suite> <!-- Suite -->
</testng-results>
